# JRE version: OpenJDK Runtime Environment (17.0.11) (build 17.0.11+0--11852314)
# Java VM: OpenJDK 64-Bit Server VM (17.0.11+0--11852314, mixed mode, tiered, compressed oops, compressed class ptrs, g1 gc, windows-amd64)
GC Precious Log:
 CPUs: 4 total, 4 available
 Memory: 8072M
 Large Page Support: Disabled
 NUMA Support: Disabled
 Compressed Oops: Enabled (32-bit)
 Heap Region Size: 1M
 Heap Min Capacity: 8M
 Heap Initial Capacity: 128M
 Heap Max Capacity: 2G
 Pre-touch: Disabled
 Parallel Workers: 4
 Concurrent Workers: 1
 Concurrent Refinement Workers: 4
 Periodic GC: Disabled
Heap:
 garbage-first heap   total 304128K, used 177385K [0x0000000080000000, 0x0000000100000000)
  region size 1024K, 43 young (44032K), 8 survivors (8192K)
 Metaspace       used 147782K, committed 148800K, reserved 1179648K
  class space    used 20251K, committed 20736K, reserved 1048576K
GC Heap History (20 events):
Event: 46.128 GC heap before
{Heap before GC invocations=39 (full 0):
 garbage-first heap   total 304128K, used 239740K [0x0000000080000000, 0x0000000100000000)
  region size 1024K, 146 young (149504K), 19 survivors (19456K)
 Metaspace       used 112164K, committed 112960K, reserved 1179648K
  class space    used 15291K, committed 15680K, reserved 1048576K
}
Event: 46.161 GC heap after
{Heap after GC invocations=40 (full 0):
 garbage-first heap   total 304128K, used 116642K [0x0000000080000000, 0x0000000100000000)
  region size 1024K, 7 young (7168K), 7 survivors (7168K)
 Metaspace       used 112164K, committed 112960K, reserved 1179648K
  class space    used 15291K, committed 15680K, reserved 1048576K
}
Event: 50.086 GC heap before
{Heap before GC invocations=40 (full 0):
 garbage-first heap   total 304128K, used 243618K [0x0000000080000000, 0x0000000100000000)
  region size 1024K, 132 young (135168K), 7 survivors (7168K)
 Metaspace       used 115570K, committed 116288K, reserved 1179648K
  class space    used 15718K, committed 16064K, reserved 1048576K
}
Event: 50.129 GC heap after
{Heap after GC invocations=41 (full 0):
 garbage-first heap   total 304128K, used 124160K [0x0000000080000000, 0x0000000100000000)
  region size 1024K, 14 young (14336K), 14 survivors (14336K)
 Metaspace       used 115570K, committed 116288K, reserved 1179648K
  class space    used 15718K, committed 16064K, reserved 1048576K
}
Event: 55.139 GC heap before
{Heap before GC invocations=41 (full 0):
 garbage-first heap   total 304128K, used 243968K [0x0000000080000000, 0x0000000100000000)
  region size 1024K, 132 young (135168K), 14 survivors (14336K)
 Metaspace       used 117152K, committed 118016K, reserved 1179648K
  class space    used 15969K, committed 16384K, reserved 1048576K
}
Event: 55.164 GC heap after
{Heap after GC invocations=42 (full 0):
 garbage-first heap   total 304128K, used 127160K [0x0000000080000000, 0x0000000100000000)
  region size 1024K, 6 young (6144K), 6 survivors (6144K)
 Metaspace       used 117152K, committed 118016K, reserved 1179648K
  class space    used 15969K, committed 16384K, reserved 1048576K
}
Event: 85.725 GC heap before
{Heap before GC invocations=42 (full 0):
 garbage-first heap   total 304128K, used 245944K [0x0000000080000000, 0x0000000100000000)
  region size 1024K, 123 young (125952K), 6 survivors (6144K)
 Metaspace       used 127459K, committed 128384K, reserved 1179648K
  class space    used 17520K, committed 17984K, reserved 1048576K
}
Event: 85.746 GC heap after
{Heap after GC invocations=43 (full 0):
 garbage-first heap   total 304128K, used 130586K [0x0000000080000000, 0x0000000100000000)
  region size 1024K, 10 young (10240K), 10 survivors (10240K)
 Metaspace       used 127459K, committed 128384K, reserved 1179648K
  class space    used 17520K, committed 17984K, reserved 1048576K
}
Event: 90.788 GC heap before
{Heap before GC invocations=43 (full 0):
 garbage-first heap   total 304128K, used 248346K [0x0000000080000000, 0x0000000100000000)
  region size 1024K, 125 young (128000K), 10 survivors (10240K)
 Metaspace       used 135194K, committed 136064K, reserved 1179648K
  class space    used 18713K, committed 19136K, reserved 1048576K
}
Event: 90.821 GC heap after
{Heap after GC invocations=44 (full 0):
 garbage-first heap   total 304128K, used 139648K [0x0000000080000000, 0x0000000100000000)
  region size 1024K, 14 young (14336K), 14 survivors (14336K)
 Metaspace       used 135194K, committed 136064K, reserved 1179648K
  class space    used 18713K, committed 19136K, reserved 1048576K
}
Event: 91.263 GC heap before
{Heap before GC invocations=44 (full 0):
 garbage-first heap   total 304128K, used 173440K [0x0000000080000000, 0x0000000100000000)
  region size 1024K, 21 young (21504K), 14 survivors (14336K)
 Metaspace       used 135663K, committed 136640K, reserved 1179648K
  class space    used 18772K, committed 19264K, reserved 1048576K
}
Event: 91.288 GC heap after
{Heap after GC invocations=45 (full 0):
 garbage-first heap   total 304128K, used 132917K [0x0000000080000000, 0x0000000100000000)
  region size 1024K, 2 young (2048K), 2 survivors (2048K)
 Metaspace       used 135663K, committed 136640K, reserved 1179648K
  class space    used 18772K, committed 19264K, reserved 1048576K
}
Event: 92.426 GC heap before
{Heap before GC invocations=45 (full 0):
 garbage-first heap   total 304128K, used 156469K [0x0000000080000000, 0x0000000100000000)
  region size 1024K, 15 young (15360K), 2 survivors (2048K)
 Metaspace       used 136912K, committed 137856K, reserved 1179648K
  class space    used 18909K, committed 19392K, reserved 1048576K
}
Event: 92.430 GC heap after
{Heap after GC invocations=46 (full 0):
 garbage-first heap   total 304128K, used 131363K [0x0000000080000000, 0x0000000100000000)
  region size 1024K, 1 young (1024K), 1 survivors (1024K)
 Metaspace       used 136912K, committed 137856K, reserved 1179648K
  class space    used 18909K, committed 19392K, reserved 1048576K
}
Event: 99.651 GC heap before
{Heap before GC invocations=47 (full 0):
 garbage-first heap   total 304128K, used 292131K [0x0000000080000000, 0x0000000100000000)
  region size 1024K, 119 young (121856K), 1 survivors (1024K)
 Metaspace       used 144595K, committed 145536K, reserved 1179648K
  class space    used 19845K, committed 20288K, reserved 1048576K
}
Event: 99.673 GC heap after
{Heap after GC invocations=48 (full 0):
 garbage-first heap   total 304128K, used 137973K [0x0000000080000000, 0x0000000100000000)
  region size 1024K, 7 young (7168K), 7 survivors (7168K)
 Metaspace       used 144595K, committed 145536K, reserved 1179648K
  class space    used 19845K, committed 20288K, reserved 1048576K
}
Event: 99.719 GC heap before
{Heap before GC invocations=48 (full 0):
 garbage-first heap   total 304128K, used 145141K [0x0000000080000000, 0x0000000100000000)
  region size 1024K, 14 young (14336K), 7 survivors (7168K)
 Metaspace       used 144601K, committed 145536K, reserved 1179648K
  class space    used 19845K, committed 20288K, reserved 1048576K
}
Event: 99.731 GC heap after
{Heap after GC invocations=49 (full 0):
 garbage-first heap   total 304128K, used 137054K [0x0000000080000000, 0x0000000100000000)
  region size 1024K, 1 young (1024K), 1 survivors (1024K)
 Metaspace       used 144601K, committed 145536K, reserved 1179648K
  class space    used 19845K, committed 20288K, reserved 1048576K
}
Event: 103.491 GC heap before
{Heap before GC invocations=49 (full 0):
 garbage-first heap   total 304128K, used 252766K [0x0000000080000000, 0x0000000100000000)
  region size 1024K, 114 young (116736K), 1 survivors (1024K)
 Metaspace       used 146399K, committed 147328K, reserved 1179648K
  class space    used 20077K, committed 20544K, reserved 1048576K
}
Event: 103.505 GC heap after
{Heap after GC invocations=50 (full 0):
 garbage-first heap   total 304128K, used 143593K [0x0000000080000000, 0x0000000100000000)
  region size 1024K, 8 young (8192K), 8 survivors (8192K)
 Metaspace       used 146399K, committed 147328K, reserved 1179648K
  class space    used 20077K, committed 20544K, reserved 1048576K
}

